Function: exp(sin(x))
 n  32 64 128 256
000 12 13 13 14
001 6 7 7 7
010 10 10 11 11
011 6 6 6 6
100 13 14 15 15
101 11 11 12 12
110 12 13 14 14
111 7 7 7 6
after 15
000 1.80226e-13 8.42453e-13 3.53071e-12 1.47016e-11
001 2.10298e-27 2.55899e-27 3.41704e-27 5.38472e-27
010 4.57038e-18 2.76808e-17 1.34192e-16 5.47989e-16
011 4.48214e-29 4.88527e-29 5.28302e-29 5.18642e-29
100 4.01892e-12 2.37531e-11 1.34214e-10 6.75122e-10
101 1.8529e-14 7.47978e-14 2.09573e-13 5.04179e-13
110 2.83388e-13 7.16744e-12 1.98393e-11 7.51363e-11
111 5.33084e-24 1.17848e-23 9.91721e-24 5.45396e-24
error: 0.00101721 0.000508783 0.000254414 0.00012721
Function: exp(sin(x))
 n  32 64 128 256
000 43 46 48 50
001 16 15 15 15
010 41 44 46 48
011 14 13 13 12
100 45 48 50 53
101 19 19 18 18
110 42 45 47 50
111 15 14 14 14
after 30
000 6.80619e-06 2.01176e-05 5.63427e-05 0.00015141
001 1.12259e-18 2.08541e-19 7.69648e-20 4.15911e-20
010 3.02392e-06 9.02316e-06 2.54125e-05 6.83853e-05
011 9.94458e-23 5.81653e-24 1.10325e-24 3.95633e-25
100 1.23808e-05 4.21041e-05 0.000132943 0.000396823
101 2.84521e-15 1.08557e-15 5.88059e-16 3.94683e-16
110 4.69921e-06 1.63046e-05 5.21764e-05 0.000156867
111 1.86916e-20 1.85377e-21 4.18934e-22 1.53987e-22
error: 0.0237832 0.0120582 0.00606919 0.00304442
-----------------------------------------------
Function: sin(pi*x)
 n  32 64 128 256
000 11 12 12 12
001 7 7 7 7
010 9 9 9 9
011 6 6 6 6
100 12 13 13 14
101 12 12 13 13
110 12 13 13 13
111 7 7 7 7
after 15
000 4.50507e-14 1.03218e-13 2.67061e-13 6.34612e-13
001 5.90396e-27 1.00227e-26 1.92314e-26 3.8072e-26
010 2.9211e-19 8.13135e-19 2.13193e-18 4.26975e-18
011 1.81975e-28 2.90936e-28 3.67926e-28 4.1508e-28
100 8.38117e-13 2.50828e-12 6.52979e-12 1.62976e-11
101 4.17928e-13 1.14507e-12 2.65069e-12 5.71323e-12
110 7.37666e-13 1.24936e-12 2.83954e-12 5.83978e-12
111 2.76265e-23 4.73506e-23 3.86108e-23 2.37472e-23
error: 0.0163572 0.00818057 0.00409053 0.0020453
Function: sin(pi*x)
 n  32 64 128 256
000 43 45 48 50
001 14 14 14 14
010 41 43 46 48
011 13 13 12 12
100 45 48 51 54
101 17 17 18 18
110 42 45 48 50
111 15 14 14 14
after 30
000 4.41016e-06 1.71131e-05 5.82694e-05 0.000182163
001 9.464e-20 3.04421e-20 1.27965e-20 6.8948e-21
010 1.91494e-06 7.41434e-06 2.5302e-05 7.9171e-05
011 7.81079e-23 4.92757e-24 9.38748e-25 3.2911e-25
100 1.07479e-05 4.54348e-05 0.000167821 0.000565351
101 4.27199e-16 2.33877e-16 2.37265e-16 2.80913e-16
110 4.03224e-06 1.71624e-05 6.40255e-05 0.000217178
111 2.32055e-20 2.45904e-21 5.69636e-22 2.11639e-22
error: 0.21153 0.107487 0.0541561 0.0271789
-----------------------------------------------
Function: 1/(x+1)
 n  32 64 128 256
000 12 12 13 13
001 6 7 7 7
010 9 10 10 11
011 6 6 6 6
100 13 13 14 15
101 11 11 12 12
110 12 13 13 14
111 7 7 6 6
after 15
000 7.8282e-14 3.76333e-13 1.5877e-12 6.63438e-12
001 2.08878e-27 2.55567e-27 3.63073e-27 5.87919e-27
010 1.74222e-18 1.19086e-17 5.84773e-17 2.42717e-16
011 2.38886e-29 2.79487e-29 3.44945e-29 3.71392e-29
100 1.76866e-12 1.06253e-11 6.04163e-11 3.04512e-10
101 3.72891e-14 1.10758e-13 2.81823e-13 6.5675e-13
110 1.48911e-13 3.23124e-12 9.0645e-12 3.42354e-11
111 3.89951e-24 8.4421e-24 6.82658e-24 3.87148e-24
error: 0.000974515 0.000488025 0.000244109 0.000122066
Function: 1/(x+1)
 n  32 64 128 256
000 40 41 42 43
001 15 14 14 14
010 38 39 41 41
011 13 12 12 12
100 40 42 44 45
101 18 17 16 15
110 38 40 42 42
111 14 14 13 13
000
001
010
011
100
101
110
111
