Adams-Bashforth(1): step = 500000, error norm = 1.73e+00, run time = 0.177 seconds, error = [-2.48e-03, 1.87e-01, 0.00e+00, 4.24e-01, 1.73e+00, 0.00e+00].
Adams-Bashforth(1): step = 1000000, error norm = 1.64e+00, run time = 0.308 seconds, error = [-2.75e-03, 9.46e-02, 0.00e+00, 4.86e-01, 1.64e+00, 0.00e+00].
Adams-Bashforth(2): step = 500000, error norm = 8.29e-01, run time = 0.620 seconds, error = [-2.21e-03, -4.30e-03, 0.00e+00, -8.29e-01, 1.15e-01, 0.00e+00].
Adams-Bashforth(2): step = 1000000, error norm = 1.97e-01, run time = 1.273 seconds, error = [-3.80e-04, -1.13e-03, 0.00e+00, -1.97e-01, -3.43e-02, 0.00e+00].
Adams-Bashforth(3): step = 500000, error norm = 3.82e-03, run time = 0.807 seconds, error = [-6.66e-06, -2.35e-05, 0.00e+00, -3.82e-03, -1.03e-03, 0.00e+00].
Adams-Bashforth(3): step = 1000000, error norm = 4.96e-04, run time = 1.766 seconds, error = [-8.65e-07, -3.06e-06, 0.00e+00, -4.96e-04, -1.34e-04, 0.00e+00].
Adams-Bashforth(4): step = 500000, error norm = 4.40e-04, run time = 1.104 seconds, error = [8.05e-07, 2.71e-06, 0.00e+00, 4.40e-04, 1.25e-04, 0.00e+00].
Adams-Bashforth(4): step = 1000000, error norm = 2.80e-05, run time = 2.349 seconds, error = [5.14e-08, 1.72e-07, 0.00e+00, 2.80e-05, 7.99e-06, 0.00e+00].
Adams-Moulton(2): step = 500000, error norm = 1.38e-01, run time = 0.163 seconds, error = [2.32e-04, 9.06e-04, 0.00e+00, 1.38e-01, 4.92e-02, 0.00e+00].
Adams-Moulton(2): step = 1000000, error norm = 3.63e-02, run time = 0.308 seconds, error = [6.37e-05, 2.27e-04, 0.00e+00, 3.63e-02, 1.08e-02, 0.00e+00].
Adams-Moulton(3): step = 500000, error norm = 4.34e-04, run time = 0.642 seconds, error = [7.57e-07, 2.67e-06, 0.00e+00, 4.34e-04, 1.18e-04, 0.00e+00].
Adams-Moulton(3): step = 1000000, error norm = 5.60e-05, run time = 1.279 seconds, error = [9.79e-08, 3.45e-07, 0.00e+00, 5.60e-05, 1.52e-05, 0.00e+00].
Adams-Moulton(4): step = 500000, error norm = 3.35e-05, run time = 0.963 seconds, error = [-6.15e-08, -2.06e-07, 0.00e+00, -3.35e-05, -9.57e-06, 0.00e+00].
Adams-Moulton(4): step = 1000000, error norm = 2.05e-06, run time = 1.827 seconds, error = [-3.76e-09, -1.26e-08, 0.00e+00, -2.05e-06, -5.84e-07, 0.00e+00].
Adams-Moulton(5): step = 100000, error norm = 7.41e-04, run time = 0.304 seconds, error = [1.44e-06, 4.55e-06, 0.00e+00, 7.41e-04, 2.25e-04, 0.00e+00].
Adams-Moulton(5): step = 200000, error norm = 1.18e-05, run time = 0.622 seconds, error = [2.40e-08, 7.26e-08, 0.00e+00, 1.18e-05, 3.74e-06, 0.00e+00].
BDF(1): step = 500000, error norm = 2.03e+00, run time = 0.178 seconds, error = [-1.26e-01, -1.25e-01, 0.00e+00, 5.00e-01, 2.03e+00, 0.00e+00].
BDF(1): step = 1000000, error norm = 2.01e+00, run time = 0.322 seconds, error = [-6.38e-02, -3.94e-02, 0.00e+00, 6.66e-01, 2.01e+00, 0.00e+00].
BDF(2): step = 500000, error norm = 4.30e-01, run time = 0.686 seconds, error = [6.28e-04, 3.50e-03, 0.00e+00, 4.30e-01, 2.46e-01, 0.00e+00].
BDF(2): step = 1000000, error norm = 1.37e-01, run time = 1.306 seconds, error = [2.31e-04, 9.01e-04, 0.00e+00, 1.37e-01, 4.88e-02, 0.00e+00].
BDF(3): step = 500000, error norm = 2.44e-03, run time = 0.932 seconds, error = [4.22e-06, 1.51e-05, 0.00e+00, 2.44e-03, 6.61e-04, 0.00e+00].
BDF(3): step = 1000000, error norm = 3.23e-04, run time = 1.833 seconds, error = [5.62e-07, 1.99e-06, 0.00e+00, 3.23e-04, 8.75e-05, 0.00e+00].
BDF(4): step = 500000, error norm = 2.46e-04, run time = 1.210 seconds, error = [-4.49e-07, -1.51e-06, 0.00e+00, -2.46e-04, -6.98e-05, 0.00e+00].
BDF(4): step = 1000000, error norm = 4.95e-06, run time = 2.403 seconds, error = [-5.85e-09, -3.08e-08, 0.00e+00, -4.95e-06, -9.09e-07, 0.00e+00].
classical RK: step = 500000, error norm = 8.12e-07, run time = 0.146 seconds, error = [-1.59e-09, -4.98e-09, 0.00e+00, -8.12e-07, -2.47e-07, 0.00e+00].
classical RK: step = 1000000, error norm = 5.20e-08, run time = 0.278 seconds, error = [-1.02e-10, -3.19e-10, 0.00e+00, -5.20e-08, -1.58e-08, 0.00e+00].
ESDIRK: step = 500000, error norm = 3.11e-07, run time = 0.898 seconds, error = [-5.88e-10, -1.91e-09, 0.00e+00, -3.11e-07, -9.15e-08, 0.00e+00].
ESDIRK: step = 1000000, error norm = 1.99e-08, run time = 1.533 seconds, error = [-3.78e-11, -1.22e-10, 0.00e+00, -1.99e-08, -5.88e-09, 0.00e+00].
Gauss-Legendre RK(1): step = 500000, error norm = 1.66e-01, run time = 0.149 seconds, error = [-3.39e-04, -9.54e-04, 0.00e+00, -1.66e-01, -3.55e-02, 0.00e+00].
Gauss-Legendre RK(1): step = 1000000, error norm = 3.96e-02, run time = 0.295 seconds, error = [-7.76e-05, -2.39e-04, 0.00e+00, -3.96e-02, -1.11e-02, 0.00e+00].
Gauss-Legendre RK(2): step = 500000, error norm = 2.04e-07, run time = 0.249 seconds, error = [-4.25e-10, -1.25e-09, 0.00e+00, -2.04e-07, -6.61e-08, 0.00e+00].
Gauss-Legendre RK(2): step = 1000000, error norm = 1.32e-08, run time = 0.483 seconds, error = [-2.75e-11, -8.06e-11, 0.00e+00, -1.32e-08, -4.28e-09, 0.00e+00].
Gauss-Legendre RK(3): step = 20000, error norm = 4.00e-04, run time = 0.022 seconds, error = [-7.82e-07, -2.45e-06, 0.00e+00, -4.00e-04, -1.22e-04, 0.00e+00].
Gauss-Legendre RK(3): step = 40000, error norm = 6.18e-06, run time = 0.040 seconds, error = [-1.21e-08, -3.80e-08, 0.00e+00, -6.18e-06, -1.88e-06, 0.00e+00].
Fehlberg embedded RK: step = 200000, error norm = 3.72e-06, run time = 0.084 seconds, error = [7.40e-09, 2.28e-08, 0.00e+00, 3.72e-06, 1.15e-06, 0.00e+00].
Fehlberg embedded RK: step = 400000, error norm = 2.21e-07, run time = 0.170 seconds, error = [4.43e-10, 1.36e-09, 0.00e+00, 2.21e-07, 6.90e-08, 0.00e+00].
Dormand-Prince embedded RK: step = 20000, error norm = 9.91e-04, run time = 0.010 seconds, error = [-2.71e-06, -6.00e-06, 0.00e+00, -9.91e-04, -4.21e-04, 0.00e+00].
Dormand-Prince embedded RK: step = 40000, error norm = 3.60e-05, run time = 0.020 seconds, error = [5.07e-08, 2.23e-07, 0.00e+00, 3.60e-05, 7.89e-06, 0.00e+00].
