Adams-Bashforth(1): step = 50000, error norm = 5.33e-01, run time = 0.034 seconds, error = [-2.80e-01, -5.33e-01, 0.00e+00, 3.69e-01, 1.42e-02, 0.00e+00].
Adams-Bashforth(1): step = 100000, error norm = 2.20e-01, run time = 0.054 seconds, error = [5.14e-02, -2.20e-01, 0.00e+00, 1.89e-01, 1.48e-01, 0.00e+00].
Adams-Bashforth(2): step = 50000, error norm = 2.61e-04, run time = 0.095 seconds, error = [-5.75e-05, -2.31e-05, 0.00e+00, -2.61e-04, 1.04e-04, 0.00e+00].
Adams-Bashforth(2): step = 100000, error norm = 6.80e-05, run time = 0.230 seconds, error = [-1.50e-05, -5.11e-06, 0.00e+00, -6.80e-05, 2.72e-05, 0.00e+00].
Adams-Bashforth(3): step = 50000, error norm = 3.33e-05, run time = 0.137 seconds, error = [-7.82e-06, 7.86e-06, 0.00e+00, -3.33e-05, 1.60e-05, 0.00e+00].
Adams-Bashforth(3): step = 100000, error norm = 4.16e-06, run time = 0.505 seconds, error = [-9.78e-07, 9.83e-07, 0.00e+00, -4.16e-06, 2.00e-06, 0.00e+00].
Adams-Bashforth(4): step = 50000, error norm = 3.79e-09, run time = 0.255 seconds, error = [8.21e-10, 6.50e-10, 0.00e+00, 3.79e-09, -1.42e-09, 0.00e+00].
Adams-Bashforth(4): step = 100000, error norm = 1.98e-10, run time = 0.742 seconds, error = [4.29e-11, 3.33e-11, 0.00e+00, 1.98e-10, -7.57e-11, 0.00e+00].
Adams-Moulton(2): step = 50000, error norm = 5.66e-05, run time = 0.073 seconds, error = [1.25e-05, 3.56e-06, 0.00e+00, 5.66e-05, -2.29e-05, 0.00e+00].
Adams-Moulton(2): step = 100000, error norm = 1.42e-05, run time = 0.260 seconds, error = [3.13e-06, 8.91e-07, 0.00e+00, 1.42e-05, -5.71e-06, 0.00e+00].
Adams-Moulton(3): step = 50000, error norm = 3.70e-06, run time = 0.238 seconds, error = [8.68e-07, -8.74e-07, 0.00e+00, 3.70e-06, -1.77e-06, 0.00e+00].
Adams-Moulton(3): step = 100000, error norm = 4.62e-07, run time = 0.297 seconds, error = [1.09e-07, -1.09e-07, 0.00e+00, 4.62e-07, -2.22e-07, 0.00e+00].
Adams-Moulton(4): step = 5000, error norm = 1.87e-06, run time = 0.030 seconds, error = [4.87e-07, -1.62e-06, 0.00e+00, 1.87e-06, -1.17e-06, 0.00e+00].
Adams-Moulton(4): step = 10000, error norm = 6.97e-08, run time = 0.048 seconds, error = [-1.32e-08, -5.73e-08, 0.00e+00, -6.97e-08, 1.51e-08, 0.00e+00].
Adams-Moulton(5): step = 1000, error norm = 1.42e-02, run time = 0.006 seconds, error = [-3.38e-03, 3.36e-03, 0.00e+00, -1.42e-02, 6.98e-03, 0.00e+00].
Adams-Moulton(5): step = 2000, error norm = 5.07e-04, run time = 0.010 seconds, error = [-1.19e-04, 1.18e-04, 0.00e+00, -5.07e-04, 2.41e-04, 0.00e+00].
BDF(1): step = 50000, error norm = 8.42e-01, run time = 0.052 seconds, error = [-8.42e-01, 5.48e-01, 0.00e+00, -7.19e-01, -3.57e-02, 0.00e+00].
BDF(1): step = 100000, error norm = 3.90e-01, run time = 0.090 seconds, error = [-2.31e-01, 2.87e-01, 0.00e+00, -3.90e-01, 3.81e-01, 0.00e+00].
BDF(2): step = 50000, error norm = 2.04e-04, run time = 0.140 seconds, error = [4.49e-05, 1.95e-05, 0.00e+00, 2.04e-04, -8.08e-05, 0.00e+00].
BDF(2): step = 100000, error norm = 5.38e-05, run time = 0.232 seconds, error = [1.19e-05, 4.22e-06, 0.00e+00, 5.38e-05, -2.15e-05, 0.00e+00].
BDF(3): step = 5000, error norm = 2.34e-02, run time = 0.021 seconds, error = [5.34e-03, -5.26e-03, 0.00e+00, 2.34e-02, -1.05e-02, 0.00e+00].
BDF(3): step = 10000, error norm = 2.79e-03, run time = 0.039 seconds, error = [6.53e-04, -6.55e-04, 0.00e+00, 2.79e-03, -1.33e-03, 0.00e+00].
BDF(4): step = 5000, error norm = 6.41e-05, run time = 0.025 seconds, error = [1.54e-05, -2.39e-05, 0.00e+00, 6.41e-05, -3.26e-05, 0.00e+00].
BDF(4): step = 10000, error norm = 1.04e-06, run time = 0.056 seconds, error = [2.67e-07, -8.02e-07, 0.00e+00, 1.04e-06, -6.30e-07, 0.00e+00].
classical RK: step = 5000, error norm = 2.22e-07, run time = 0.002 seconds, error = [-5.56e-08, 1.44e-07, 0.00e+00, -2.22e-07, 1.26e-07, 0.00e+00].
classical RK: step = 10000, error norm = 5.21e-09, run time = 0.003 seconds, error = [2.99e-10, 5.21e-09, 0.00e+00, 2.30e-09, 2.12e-10, 0.00e+00].
ESDIRK: step = 5000, error norm = 7.62e-08, run time = 0.022 seconds, error = [1.73e-08, -5.86e-09, 0.00e+00, 7.62e-08, -3.33e-08, 0.00e+00].
ESDIRK: step = 10000, error norm = 3.45e-09, run time = 0.034 seconds, error = [7.75e-10, -7.55e-11, 0.00e+00, 3.45e-09, -1.47e-09, 0.00e+00].
Gauss-Legendre RK(1): step = 5000, error norm = 5.38e-03, run time = 0.004 seconds, error = [1.18e-03, 4.21e-04, 0.00e+00, 5.38e-03, -2.15e-03, 0.00e+00].
Gauss-Legendre RK(1): step = 10000, error norm = 1.34e-03, run time = 0.008 seconds, error = [2.96e-04, 1.06e-04, 0.00e+00, 1.34e-03, -5.39e-04, 0.00e+00].
Gauss-Legendre RK(2): step = 5000, error norm = 2.04e-07, run time = 0.005 seconds, error = [4.52e-08, 1.40e-08, 0.00e+00, 2.04e-07, -8.23e-08, 0.00e+00].
Gauss-Legendre RK(2): step = 10000, error norm = 1.27e-08, run time = 0.009 seconds, error = [2.81e-09, 8.72e-10, 0.00e+00, 1.27e-08, -5.12e-09, 0.00e+00].
Gauss-Legendre RK(3): step = 2000, error norm = 1.74e-09, run time = 0.004 seconds, error = [3.87e-10, 9.34e-11, 0.00e+00, 1.74e-09, -7.05e-10, 0.00e+00].
Gauss-Legendre RK(3): step = 4000, error norm = 4.67e-11, run time = 0.008 seconds, error = [-1.05e-11, 1.68e-12, 0.00e+00, -4.67e-11, 1.92e-11, 0.00e+00].
Fehlberg embedded RK: step = 2000, error norm = 2.05e-05, run time = 0.001 seconds, error = [4.83e-06, -5.39e-06, 0.00e+00, 2.05e-05, -9.89e-06, 0.00e+00].
Fehlberg embedded RK: step = 4000, error norm = 5.90e-07, run time = 0.002 seconds, error = [1.40e-07, -1.76e-07, 0.00e+00, 5.90e-07, -2.89e-07, 0.00e+00].
Dormand-Prince embedded RK: step = 2000, error norm = 1.34e-06, run time = 0.001 seconds, error = [3.14e-07, -3.04e-07, 0.00e+00, 1.34e-06, -6.36e-07, 0.00e+00].
Dormand-Prince embedded RK: step = 4000, error norm = 4.71e-08, run time = 0.002 seconds, error = [1.10e-08, -1.09e-08, 0.00e+00, 4.71e-08, -2.24e-08, 0.00e+00].
